[debug] [2023-10-13T06:56:37.993Z] ----------------------------------------------------------------------
[debug] [2023-10-13T06:56:37.996Z] Command:       C:\Program Files\nodejs\node.exe C:\Program Files\nodejs\node_modules\firebase-tools\lib\bin\firebase.js init
[debug] [2023-10-13T06:56:37.997Z] CLI Version:   12.7.0
[debug] [2023-10-13T06:56:37.997Z] Platform:      win32
[debug] [2023-10-13T06:56:37.997Z] Node Version:  v20.1.0
[debug] [2023-10-13T06:56:37.998Z] Time:          Fri Oct 13 2023 08:56:37 GMT+0200 (közép-európai nyári idő)
[debug] [2023-10-13T06:56:37.998Z] ----------------------------------------------------------------------
[debug] 
[debug] [2023-10-13T06:56:38.077Z] > command requires scopes: ["email","openid","https://www.googleapis.com/auth/cloudplatformprojects.readonly","https://www.googleapis.com/auth/firebase","https://www.googleapis.com/auth/cloud-platform"]
[debug] [2023-10-13T06:56:38.078Z] > authorizing via signed-in user (smark.siklodi@gmail.com)
[info] 
     ######## #### ########  ######## ########     ###     ######  ########
     ##        ##  ##     ## ##       ##     ##  ##   ##  ##       ##
     ######    ##  ########  ######   ########  #########  ######  ######
     ##        ##  ##    ##  ##       ##     ## ##     ##       ## ##
     ##       #### ##     ## ######## ########  ##     ##  ######  ########

You're about to initialize a Firebase project in this directory:

  C:\Users\SSM\privateworks\expensehub_app

Before we get started, keep in mind:

  * You are initializing within an existing Firebase project directory

[info] 
=== Project Setup
[info] 
[info] First, let's associate this project directory with a Firebase project.
[info] You can create multiple project aliases by running firebase use --add, 
[info] but for now we'll just set up a default project.
[info] 
[debug] [2023-10-13T06:56:41.298Z] Using project from CLI flag: expensehub-8508d
[debug] [2023-10-13T06:56:41.299Z] > refreshing access token with scopes: []
[debug] [2023-10-13T06:56:41.301Z] >>> [apiv2][query] POST https://www.googleapis.com/oauth2/v3/token [none]
[debug] [2023-10-13T06:56:41.301Z] >>> [apiv2][body] POST https://www.googleapis.com/oauth2/v3/token [omitted]
[debug] [2023-10-13T06:56:41.480Z] <<< [apiv2][status] POST https://www.googleapis.com/oauth2/v3/token 400
[debug] [2023-10-13T06:56:41.480Z] <<< [apiv2][body] POST https://www.googleapis.com/oauth2/v3/token [omitted]
[debug] [2023-10-13T06:56:41.480Z] >>> [apiv2][query] GET https://firebase.googleapis.com/v1beta1/projects/expensehub-8508d [none]
[debug] [2023-10-13T06:56:41.563Z] <<< [apiv2][status] GET https://firebase.googleapis.com/v1beta1/projects/expensehub-8508d 401
[debug] [2023-10-13T06:56:41.563Z] <<< [apiv2][body] GET https://firebase.googleapis.com/v1beta1/projects/expensehub-8508d {"error":{"code":401,"message":"Request had invalid authentication credentials. Expected OAuth 2 access token, login cookie or other valid authentication credential. See https://developers.google.com/identity/sign-in/web/devconsole-project.","status":"UNAUTHENTICATED"}}
[debug] [2023-10-13T06:56:41.564Z] HTTP Error: 401, Request had invalid authentication credentials. Expected OAuth 2 access token, login cookie or other valid authentication credential. See https://developers.google.com/identity/sign-in/web/devconsole-project.
[debug] [2023-10-13T06:56:41.629Z] FirebaseError: HTTP Error: 401, Request had invalid authentication credentials. Expected OAuth 2 access token, login cookie or other valid authentication credential. See https://developers.google.com/identity/sign-in/web/devconsole-project.
    at responseToError (C:\Users\SSM\AppData\Roaming\nvm\v20.1.0\node_modules\firebase-tools\lib\responseToError.js:49:12)
    at RetryOperation._fn (C:\Users\SSM\AppData\Roaming\nvm\v20.1.0\node_modules\firebase-tools\lib\apiv2.js:285:77)
    at process.processTicksAndRejections (node:internal/process/task_queues:95:5)
[error] 
[error] Error: Failed to get Firebase project expensehub-8508d. Please make sure the project exists and your account has permission to access it.
